[0.565s] Invoking command in '/home/veera/ros2_ws/src/my_robot_controller': PYTHONPATH=/home/veera/ros2_ws/build/my_robot_controller/prefix_override:/home/veera/ros2_ws/install/my_robot_controller/lib/python3.10/site-packages:${PYTHONPATH} /usr/bin/python3 setup.py egg_info --egg-base ../../build/my_robot_controller build --build-base /home/veera/ros2_ws/build/my_robot_controller/build install --record /home/veera/ros2_ws/build/my_robot_controller/install.log --single-version-externally-managed
[0.738s] running egg_info
[0.739s] writing ../../build/my_robot_controller/my_robot_controller.egg-info/PKG-INFO
[0.740s] writing dependency_links to ../../build/my_robot_controller/my_robot_controller.egg-info/dependency_links.txt
[0.740s] writing entry points to ../../build/my_robot_controller/my_robot_controller.egg-info/entry_points.txt
[0.740s] writing requirements to ../../build/my_robot_controller/my_robot_controller.egg-info/requires.txt
[0.740s] writing top-level names to ../../build/my_robot_controller/my_robot_controller.egg-info/top_level.txt
[0.741s] reading manifest file '../../build/my_robot_controller/my_robot_controller.egg-info/SOURCES.txt'
[0.742s] writing manifest file '../../build/my_robot_controller/my_robot_controller.egg-info/SOURCES.txt'
[0.742s] running build
[0.742s] running build_py
[0.742s] running install
[0.742s] running install_lib
[0.743s] running install_data
[0.743s] running install_egg_info
[0.744s] removing '/home/veera/ros2_ws/install/my_robot_controller/lib/python3.10/site-packages/my_robot_controller-0.0.0-py3.10.egg-info' (and everything under it)
[0.745s] Copying ../../build/my_robot_controller/my_robot_controller.egg-info to /home/veera/ros2_ws/install/my_robot_controller/lib/python3.10/site-packages/my_robot_controller-0.0.0-py3.10.egg-info
[0.745s] running install_scripts
[0.764s] writing list of installed files to '/home/veera/ros2_ws/build/my_robot_controller/install.log'
[0.789s] Invoked command in '/home/veera/ros2_ws/src/my_robot_controller' returned '0': PYTHONPATH=/home/veera/ros2_ws/build/my_robot_controller/prefix_override:/home/veera/ros2_ws/install/my_robot_controller/lib/python3.10/site-packages:${PYTHONPATH} /usr/bin/python3 setup.py egg_info --egg-base ../../build/my_robot_controller build --build-base /home/veera/ros2_ws/build/my_robot_controller/build install --record /home/veera/ros2_ws/build/my_robot_controller/install.log --single-version-externally-managed
