[0.560s] Invoking command in '/home/veera/ros2_ws/src/my_robot_controller': PYTHONPATH=/home/veera/ros2_ws/build/my_robot_controller/prefix_override:/home/veera/ros2_ws/install/my_robot_controller/lib/python3.10/site-packages:${PYTHONPATH} /usr/bin/python3 setup.py egg_info --egg-base ../../build/my_robot_controller build --build-base /home/veera/ros2_ws/build/my_robot_controller/build install --record /home/veera/ros2_ws/build/my_robot_controller/install.log --single-version-externally-managed
[0.737s] running egg_info
[0.739s] writing ../../build/my_robot_controller/my_robot_controller.egg-info/PKG-INFO
[0.740s] writing dependency_links to ../../build/my_robot_controller/my_robot_controller.egg-info/dependency_links.txt
[0.740s] writing entry points to ../../build/my_robot_controller/my_robot_controller.egg-info/entry_points.txt
[0.741s] writing requirements to ../../build/my_robot_controller/my_robot_controller.egg-info/requires.txt
[0.741s] writing top-level names to ../../build/my_robot_controller/my_robot_controller.egg-info/top_level.txt
[0.743s] reading manifest file '../../build/my_robot_controller/my_robot_controller.egg-info/SOURCES.txt'
[0.744s] writing manifest file '../../build/my_robot_controller/my_robot_controller.egg-info/SOURCES.txt'
[0.745s] running build
[0.745s] running build_py
[0.746s] copying my_robot_controller/my_first_node.py -> /home/veera/ros2_ws/build/my_robot_controller/build/lib/my_robot_controller
[0.746s] running install
[0.746s] running install_lib
[0.746s] copying /home/veera/ros2_ws/build/my_robot_controller/build/lib/my_robot_controller/my_first_node.py -> /home/veera/ros2_ws/install/my_robot_controller/lib/python3.10/site-packages/my_robot_controller
[0.746s] byte-compiling /home/veera/ros2_ws/install/my_robot_controller/lib/python3.10/site-packages/my_robot_controller/my_first_node.py to my_first_node.cpython-310.pyc
[0.746s] running install_data
[0.746s] running install_egg_info
[0.747s] removing '/home/veera/ros2_ws/install/my_robot_controller/lib/python3.10/site-packages/my_robot_controller-0.0.0-py3.10.egg-info' (and everything under it)
[0.748s] Copying ../../build/my_robot_controller/my_robot_controller.egg-info to /home/veera/ros2_ws/install/my_robot_controller/lib/python3.10/site-packages/my_robot_controller-0.0.0-py3.10.egg-info
[0.748s] running install_scripts
[0.766s] Installing test_node script to /home/veera/ros2_ws/install/my_robot_controller/lib/my_robot_controller
[0.767s] writing list of installed files to '/home/veera/ros2_ws/build/my_robot_controller/install.log'
[0.793s] Invoked command in '/home/veera/ros2_ws/src/my_robot_controller' returned '0': PYTHONPATH=/home/veera/ros2_ws/build/my_robot_controller/prefix_override:/home/veera/ros2_ws/install/my_robot_controller/lib/python3.10/site-packages:${PYTHONPATH} /usr/bin/python3 setup.py egg_info --egg-base ../../build/my_robot_controller build --build-base /home/veera/ros2_ws/build/my_robot_controller/build install --record /home/veera/ros2_ws/build/my_robot_controller/install.log --single-version-externally-managed
